# fit.log - Fit with Git activity data
# Format: <code>,<YYMMDD>,<fields...>
# S=Steps(total,goal) R=Run(min,km,pace) W=Swim(min,m,laps)
# B=Bike(min,km,speed) G=Gym(sessions) X=Stretch K=Ski(min,runs) H=Hike(min,km,elev)
S,250601,7200,6000
X,250601
S,250602,8100,6000
R,250602,30,5.0,6.0
S,250603,5400,6000
S,250604,9200,6000
G,250604,1
S,250605,6800,6000
X,250605
S,250606,11200,6000
R,250606,42,7.0,6.0
S,250607,4300,6000
S,250608,7800,6000
G,250608,1
X,250608
S,250609,9500,6000
S,250610,6100,6000
R,250610,35,5.5,6.4
S,250611,8400,6000
S,250612,10300,6000
G,250612,1
S,250613,5600,6000
X,250613
S,250614,7100,6000
S,250615,8800,6000
R,250615,50,8.2,6.1
G,250615,1
S,250616,6400,6000
S,250617,9700,6000
X,250617
S,250618,7300,6000
S,250619,5100,6000
S,250620,8600,6000
G,250620,2
R,250620,28,4.5,6.2
S,250621,10100,6000
X,250621
S,250622,6700,6000
S,250623,7400,6000
S,250624,9000,6000
G,250624,1
S,250625,5800,6000
R,250625,38,6.1,6.2
S,250626,8200,6000
X,250626
S,250627,7600,6000
S,250628,11500,6000
G,250628,1
R,250628,55,9.0,6.1
S,250629,4800,6000
S,250630,6900,6000
S,250701,8300,8000
X,250701
S,250702,7100,8000
R,250702,32,5.2,6.2
S,250703,9600,8000
G,250703,1
S,250704,5200,8000
S,250705,10800,8000
H,250705,120,10.5,450
S,250706,6400,8000
X,250706
S,250707,8700,8000
S,250708,7200,8000
G,250708,1
S,250709,9100,8000
R,250709,40,6.5,6.2
S,250710,5800,8000
X,250710
S,250711,8400,8000
S,250712,11200,8000
G,250712,1
R,250712,48,7.8,6.2
S,250713,6100,8000
S,250714,7500,8000
W,250714,45,1500,30
S,250715,9800,8000
X,250715
S,250716,5400,8000
S,250717,8100,8000
G,250717,1
S,250718,7300,8000
R,250718,35,5.6,6.3
S,250719,10400,8000
X,250719
S,250720,6700,8000
B,250720,60,22.0,22.0
S,250721,8900,8000
S,250722,5100,8000
G,250722,1
S,250723,9200,8000
R,250723,42,6.8,6.2
S,250724,7600,8000
X,250724
S,250725,8300,8000
S,250726,11800,8000
H,250726,90,7.2,380
G,250726,1
S,250727,5500,8000
S,250728,6900,8000
S,250729,9400,8000
X,250729
R,250729,30,4.8,6.3
S,250730,7800,8000
G,250730,1
S,250731,8600,8000
S,250801,7400,8000
R,250801,36,5.8,6.2
S,250802,9100,8000
X,250802
G,250802,1
S,250803,5800,8000
S,250804,10500,8000
S,250805,6200,8000
S,250806,8800,8000
G,250806,1
R,250806,45,7.3,6.2
S,250807,7100,8000
X,250807
S,250808,9600,8000
S,250809,5400,8000
S,250810,8300,8000
W,250810,50,1800,36
G,250810,1
S,250811,7700,8000
R,250811,33,5.3,6.2
X,250811
S,250812,10200,8000
S,250813,6500,8000
S,250814,9000,8000
G,250814,1
S,250815,5100,8000
R,250815,52,8.5,6.1
S,250816,8400,8000
X,250816
S,250817,7200,8000
H,250817,150,13.0,720
S,250818,11000,8000
G,250818,2
S,250819,6800,8000
S,250820,9300,8000
R,250820,38,6.1,6.2
S,250821,5600,8000
X,250821
S,250822,7900,8000
S,250823,8700,8000
G,250823,1
S,250824,10100,8000
B,250824,75,28.0,22.4
S,250825,6300,8000
R,250825,40,6.5,6.2
X,250825
S,250826,8500,8000
S,250827,7100,8000
S,250828,9800,8000
G,250828,1
S,250829,5200,8000
S,250830,8000,8000
R,250830,34,5.5,6.2
X,250830
S,250831,7600,8000
S,250901,9200,10000
G,250901,1
S,250902,6800,10000
R,250902,42,6.8,6.2
X,250902
S,250903,8400,10000
S,250904,10700,10000
S,250905,5100,10000
G,250905,1
S,250906,7900,10000
H,250906,110,9.0,520
S,250907,11300,10000
R,250907,50,8.1,6.2
X,250907
S,250908,6500,10000
S,250909,8100,10000
G,250909,1
S,250910,9600,10000
S,250911,5400,10000
R,250911,30,4.8,6.3
S,250912,7300,10000
X,250912
S,250913,10200,10000
G,250913,1
S,250914,8700,10000
B,250914,65,24.0,22.2
S,250915,6100,10000
R,250915,38,6.2,6.1
X,250915
S,250916,9400,10000
S,250917,7600,10000
G,250917,1
S,250918,5800,10000
S,250919,8300,10000
R,250919,44,7.1,6.2
S,250920,11000,10000
X,250920
S,250921,6400,10000
G,250921,1
S,250922,9100,10000
S,250923,7200,10000
W,250923,40,1400,28
S,250924,8600,10000
R,250924,36,5.8,6.2
X,250924
S,250925,5500,10000
G,250925,1
S,250926,10400,10000
S,250927,7800,10000
H,250927,95,8.0,410
S,250928,9000,10000
R,250928,48,7.8,6.2
X,250928
G,250928,1
S,250929,6700,10000
S,250930,8200,10000
S,251001,9500,10000
G,251001,1
R,251001,35,5.6,6.3
S,251002,6100,10000
X,251002
S,251003,7800,10000
S,251004,10800,10000
S,251005,5300,10000
G,251005,1
S,251006,8400,10000
R,251006,42,6.8,6.2
X,251006
S,251007,9200,10000
S,251008,7100,10000
S,251009,6500,10000
G,251009,1
S,251010,11100,10000
R,251010,55,9.0,6.1
H,251010,130,11.0,600
S,251011,5700,10000
X,251011
S,251012,8300,10000
S,251013,9600,10000
G,251013,1
S,251014,7400,10000
R,251014,33,5.3,6.2
S,251015,8800,10000
X,251015
S,251016,6200,10000
S,251017,10500,10000
G,251017,2
S,251018,5100,10000
R,251018,40,6.5,6.2
S,251019,9000,10000
X,251019
S,251020,7600,10000
B,251020,70,26.0,22.3
S,251021,8100,10000
G,251021,1
S,251022,11400,10000
R,251022,46,7.5,6.2
S,251023,6800,10000
X,251023
S,251024,9300,10000
S,251025,5500,10000
G,251025,1
S,251026,7900,10000
R,251026,38,6.1,6.2
S,251027,10200,10000
X,251027
S,251028,8600,10000
S,251029,6400,10000
G,251029,1
S,251030,9700,10000
R,251030,44,7.2,6.1
S,251031,7200,10000
S,251101,8500,10000
X,251101
G,251101,1
S,251102,9100,10000
R,251102,36,5.8,6.2
S,251103,6700,10000
S,251104,10300,10000
S,251105,5400,10000
G,251105,1
X,251105
S,251106,8000,10000
R,251106,42,6.8,6.2
S,251107,7300,10000
S,251108,9600,10000
H,251108,100,8.5,480
G,251108,1
S,251109,5800,10000
X,251109
S,251110,8400,10000
R,251110,30,4.8,6.3
S,251111,11200,10000
S,251112,6100,10000
G,251112,1
S,251113,9400,10000
R,251113,50,8.1,6.1
X,251113
S,251114,7600,10000
S,251115,8800,10000
G,251115,1
S,251116,5200,10000
R,251116,34,5.5,6.2
S,251117,10100,10000
X,251117
S,251118,7400,10000
S,251119,9000,10000
G,251119,1
W,251119,45,1600,32
S,251120,6500,10000
R,251120,40,6.5,6.2
S,251121,8700,10000
X,251121
S,251122,5100,10000
G,251122,1
S,251123,9800,10000
R,251123,48,7.8,6.2
S,251124,7200,10000
S,251125,10600,10000
X,251125
G,251125,1
S,251126,6300,10000
S,251127,8100,10000
R,251127,36,5.8,6.2
S,251128,9500,10000
S,251129,5600,10000
G,251129,1
S,251130,7800,10000
S,251201,10200,10000
R,251201,44,7.1,6.2
X,251201
S,251202,6900,10000
G,251202,1
S,251203,8400,10000
K,251203,180,12
S,251204,5300,10000
S,251205,9100,10000
R,251205,38,6.2,6.1
G,251205,1
S,251206,7600,10000
X,251206
S,251207,11000,10000
S,251208,6100,10000
G,251208,1
S,251209,8800,10000
R,251209,42,6.8,6.2
S,251210,5700,10000
X,251210
S,251211,9400,10000
S,251212,7300,10000
G,251212,1
K,251212,120,8
S,251213,10500,10000
R,251213,50,8.1,6.1
S,251214,6400,10000
X,251214
S,251215,8200,10000
G,251215,1
S,251216,9700,10000
S,251217,5500,10000
R,251217,34,5.5,6.2
S,251218,7900,10000
X,251218
S,251219,10800,10000
G,251219,1
S,251220,6200,10000
K,251220,150,10
S,251221,8600,10000
R,251221,40,6.5,6.2
S,251222,5100,10000
X,251222
G,251222,1
S,251223,9300,10000
S,251224,7100,10000
S,251225,4800,10000
S,251226,8400,10000
K,251226,200,15
X,251226
S,251227,10100,10000
R,251227,46,7.5,6.2
G,251227,1
S,251228,6700,10000
S,251229,9000,10000
X,251229
S,251230,7500,10000
G,251230,1
S,251231,11300,10000
R,251231,52,8.5,6.1
S,260101,8200,10000
X,260101
G,260101,1
S,260102,6500,10000
R,260102,36,5.8,6.2
S,260103,9800,10000
S,260104,5400,10000
G,260104,1
S,260105,7100,10000
X,260105
S,260106,10400,10000
R,260106,42,6.8,6.2
S,260107,8700,10000
G,260107,1
S,260108,6300,10000
S,260109,9100,10000
R,260109,38,6.1,6.2
X,260109
S,260110,7600,10000
S,260111,11000,10000
G,260111,1
S,260112,5800,10000
R,260112,30,4.8,6.3
S,260113,8400,10000
X,260113
S,260114,9500,10000
G,260114,1
S,260115,6100,10000
R,260115,44,7.1,6.2
H,260115,100,8.5,450
S,260116,7900,10000
X,260116
S,260117,10300,10000
G,260117,1
S,260118,5500,10000
S,260119,8600,10000
R,260119,48,7.8,6.2
S,260120,6800,10000
X,260120
G,260120,1
S,260121,9200,10000
S,260122,7400,10000
R,260122,34,5.5,6.2
S,260123,10700,10000
G,260123,1
X,260123
S,260124,5200,10000
S,260125,8100,10000
S,260126,9600,10000
R,260126,42,6.8,6.2
G,260126,1
S,260127,6400,10000
X,260127
S,260128,7800,10000
S,260129,11200,10000
G,260129,1
S,260130,5600,10000
R,260130,36,5.8,6.2
S,260131,8900,10000
S,260201,9400,10000
X,260201
G,260201,1
S,260202,7100,10000
R,260202,40,6.5,6.2
S,260203,6500,10000
S,260204,10100,10000
G,260204,1
S,260205,8300,10000
X,260205
R,260205,30,4.8,6.3
S,260206,5800,10000
S,260207,9700,10000
G,260207,1
S,260208,7600,10000
R,260208,46,7.5,6.2
S,260209,10500,10000
X,260209
S,260210,6200,10000
G,260210,1
S,260211,8800,10000
R,260211,38,6.1,6.2
S,260212,5400,10000
S,260213,9100,10000
X,260213
G,260213,1
S,260214,7300,10000
R,260214,44,7.1,6.2
W,260214,40,1400,28
S,260215,10800,10000
S,260216,6700,10000
G,260216,1
S,260217,8500,10000
X,260217
R,260217,34,5.5,6.2
S,260218,9200,10000
S,260219,5100,10000
G,260219,1
S,260220,7800,10000
R,260220,50,8.1,6.1
S,260221,10400,10000
X,260221
S,260222,6100,10000
G,260222,1
S,260223,8600,10000
R,260223,36,5.8,6.2
S,260224,9800,10000
S,260225,5500,10000
G,260225,1
X,260225
S,260226,7400,10000
R,260226,42,6.8,6.2
S,260227,11100,10000
S,260228,6800,10000
G,260228,1
S,260301,9300,10000
R,260301,48,7.8,6.2
X,260301
S,260302,7600,10000
G,260302,1
S,260303,10600,10000
S,260304,5200,10000
R,260304,30,4.8,6.3
S,260305,8100,10000
X,260305
G,260305,1
S,260306,9500,10000
R,260306,40,6.5,6.2
S,260307,6400,10000
S,260308,8800,10000
G,260308,1
H,260308,85,7.0,350
S,260309,5700,10000
X,260309
S,260310,10200,10000
R,260310,44,7.1,6.2
G,260310,1
S,260311,7900,10000
S,260312,8500,10000
X,260312
G,260312,1
